<?xml version="1.0" encoding="UTF-8"?>
<!-- Generated by org.testng.reporters.JUnitReportReporter -->
<testsuite skipped="0" hostname="MOHAN-HP" name="mohan1.test" tests="1" failures="0" timestamp="25 Feb 2019 08:39:58 GMT" time="24.625" errors="0">
  <testcase name="test1" time="24.625" classname="mohan1.test"/>
</testsuite> <!-- mohan1.test -->
