<?xml version="1.0" encoding="UTF-8"?>
<!-- Generated by org.testng.reporters.JUnitReportReporter -->
<testsuite skipped="0" hostname="MOHAN-HP" name="mohan1.Demo1" tests="1" failures="0" timestamp="26 Feb 2019 05:42:18 GMT" time="21.438" errors="0">
  <testcase name="test1" time="21.438" classname="mohan1.Demo1"/>
</testsuite> <!-- mohan1.Demo1 -->
