<?xml version="1.0" encoding="UTF-8"?>
<!-- Generated by org.testng.reporters.JUnitReportReporter -->
<testsuite skipped="0" hostname="MOHAN-HP" name="mohan1.test" tests="1" failures="0" timestamp="26 Feb 2019 05:44:13 GMT" time="12.722" errors="0">
  <testcase name="test1" time="12.722" classname="mohan1.test"/>
</testsuite> <!-- mohan1.test -->
